[36m[2025-11-08 18:38:24 DEBUG] [__init__:101][39m ###############################################################################
[36m[2025-11-08 18:38:24 DEBUG] [__init__:102][39m Running command 'run'
[36m[2025-11-08 18:38:24 DEBUG] [__init__:106][39m Using settings file 'C:\Users\anush\.chaostoolkit\settings.yaml'
[36m[2025-11-08 18:38:24 DEBUG] [settings:31][39m The Chaos Toolkit settings file could not be found at 'C:\Users\anush\.chaostoolkit\settings.yaml'.
[36m[2025-11-08 18:38:24 DEBUG] [__init__:472][39m No controls to apply on 'loader'
[36m[2025-11-08 18:38:24 DEBUG] [__init__:472][39m No controls to apply on 'loader'
[36m[2025-11-08 18:38:24 DEBUG] [caching:24][39m Building activity cache...
[36m[2025-11-08 18:38:24 DEBUG] [caching:35][39m Cached 6 activities
[32m[2025-11-08 18:38:24 INFO] [experiment:59][39m Validating the experiment's syntax
[36m[2025-11-08 18:38:24 DEBUG] [configuration:64][39m Loading configuration...
[36m[2025-11-08 18:38:24 DEBUG] [secret:79][39m Loading secrets...
[36m[2025-11-08 18:38:24 DEBUG] [secret:104][39m Done loading secrets
[36m[2025-11-08 18:38:25 DEBUG] [caching:42][39m Clearing activities cache
[31m[2025-11-08 18:38:25 ERROR] [run:188][39m The python module 'chaosk8s.pod.probes' does not expose a function called 'pods_are_ready' in probe 'backend-pods-are-running'
[36m[2025-11-08 18:38:25 DEBUG] [run:189][39m The python module 'chaosk8s.pod.probes' does not expose a function called 'pods_are_ready' in probe 'backend-pods-are-running'
[36m[2025-11-08 18:38:41 DEBUG] [__init__:101][39m ###############################################################################
[36m[2025-11-08 18:38:41 DEBUG] [__init__:102][39m Running command 'run'
[36m[2025-11-08 18:38:41 DEBUG] [__init__:106][39m Using settings file 'C:\Users\anush\.chaostoolkit\settings.yaml'
[36m[2025-11-08 18:38:41 DEBUG] [settings:31][39m The Chaos Toolkit settings file could not be found at 'C:\Users\anush\.chaostoolkit\settings.yaml'.
[36m[2025-11-08 18:38:41 DEBUG] [__init__:472][39m No controls to apply on 'loader'
[36m[2025-11-08 18:38:41 DEBUG] [__init__:472][39m No controls to apply on 'loader'
[36m[2025-11-08 18:38:41 DEBUG] [caching:24][39m Building activity cache...
[36m[2025-11-08 18:38:41 DEBUG] [caching:35][39m Cached 6 activities
[32m[2025-11-08 18:38:41 INFO] [experiment:59][39m Validating the experiment's syntax
[36m[2025-11-08 18:38:41 DEBUG] [configuration:64][39m Loading configuration...
[36m[2025-11-08 18:38:41 DEBUG] [secret:79][39m Loading secrets...
[36m[2025-11-08 18:38:41 DEBUG] [secret:104][39m Done loading secrets
[36m[2025-11-08 18:38:42 DEBUG] [caching:42][39m Clearing activities cache
[31m[2025-11-08 18:38:42 ERROR] [run:188][39m The python module 'chaosk8s.pod.probes' does not expose a function called 'pods_are_ready' in probe 'backend-pods-are-running'
[36m[2025-11-08 18:38:42 DEBUG] [run:189][39m The python module 'chaosk8s.pod.probes' does not expose a function called 'pods_are_ready' in probe 'backend-pods-are-running'
